20/02/2018 14:30:40 devpinoyLogger Set up
20/02/2018 14:30:41 devpinoyLogger I login into RS online website home page
20/02/2018 14:30:59 devpinoyLogger I ensure my basket is empty
20/02/2018 14:31:35 devpinoyLogger I search battery chargers in All Products and added 1 item
20/02/2018 14:31:51 devpinoyLogger Set up
20/02/2018 14:31:51 devpinoyLogger I login into RS online website home page
20/02/2018 14:32:03 devpinoyLogger I ensure my basket is empty
20/02/2018 14:32:27 devpinoyLogger I search ABB product in Our Brands and added 1 item
20/02/2018 14:32:36 devpinoyLogger I verify 1 item get added in basket
20/02/2018 14:32:37 devpinoyLogger Item added successfully
20/02/2018 14:32:38 devpinoyLogger Set up
20/02/2018 14:32:38 devpinoyLogger I login into RS online website home page
20/02/2018 14:32:50 devpinoyLogger I search product by Keyword
20/02/2018 14:32:56 devpinoyLogger I check the product exists or not
20/02/2018 14:32:57 devpinoyLogger Set up
20/02/2018 14:32:57 devpinoyLogger I login into RS online website home page
20/02/2018 14:33:10 devpinoyLogger I search product by PartNo
20/02/2018 14:33:15 devpinoyLogger I check the product exists or not
20/02/2018 14:33:16 devpinoyLogger Set up
20/02/2018 14:33:16 devpinoyLogger I login into RS online website home page
20/02/2018 14:33:28 devpinoyLogger I search product by RSStockNo
20/02/2018 14:33:32 devpinoyLogger I check the product exists or not
